# JRE version: Java(TM) SE Runtime Environment (15.0+36) (build 15+36-1562)
# Java VM: Java HotSpot(TM) 64-Bit Server VM (15+36-1562, mixed mode, sharing, tiered, compressed oops, g1 gc, windows-amd64)
GC Precious Log:
 CPUs: 8 total, 8 available
 Memory: 8038M
 Large Page Support: Disabled
 NUMA Support: Disabled
 Compressed Oops: Enabled (32-bit)
 Heap Region Size: 1M
 Heap Min Capacity: 8M
 Heap Initial Capacity: 126M
 Heap Max Capacity: 2010M
 Pre-touch: Disabled
 Parallel Workers: 8
 Concurrent Workers: 2
 Concurrent Refinement Workers: 8
 Periodic GC: Disabled
Heap:
 garbage-first heap   total 135168K, used 94787K [0x0000000082600000, 0x0000000100000000)
  region size 1024K, 12 young (12288K), 3 survivors (3072K)
 Metaspace       used 12722K, capacity 12932K, committed 13184K, reserved 1060864K
  class space    used 1304K, capacity 1398K, committed 1408K, reserved 1048576K
GC Heap History (14 events):
Event: 9.355 GC heap before
{Heap before GC invocations=0 (full 0):
 garbage-first heap   total 129024K, used 33792K [0x0000000082600000, 0x0000000100000000)
  region size 1024K, 23 young (23552K), 0 survivors (0K)
 Metaspace       used 12166K, capacity 12412K, committed 12672K, reserved 1060864K
  class space    used 1302K, capacity 1398K, committed 1408K, reserved 1048576K
}
Event: 9.364 GC heap after
{Heap after GC invocations=1 (full 0):
 garbage-first heap   total 129024K, used 20168K [0x0000000082600000, 0x0000000100000000)
  region size 1024K, 3 young (3072K), 3 survivors (3072K)
 Metaspace       used 12166K, capacity 12412K, committed 12672K, reserved 1060864K
  class space    used 1302K, capacity 1398K, committed 1408K, reserved 1048576K
}
Event: 9.965 GC heap before
{Heap before GC invocations=1 (full 0):
 garbage-first heap   total 129024K, used 32456K [0x0000000082600000, 0x0000000100000000)
  region size 1024K, 16 young (16384K), 3 survivors (3072K)
 Metaspace       used 12331K, capacity 12541K, committed 12672K, reserved 1060864K
  class space    used 1302K, capacity 1398K, committed 1408K, reserved 1048576K
}
Event: 9.968 GC heap after
{Heap after GC invocations=2 (full 0):
 garbage-first heap   total 129024K, used 25927K [0x0000000082600000, 0x0000000100000000)
  region size 1024K, 2 young (2048K), 2 survivors (2048K)
 Metaspace       used 12331K, capacity 12541K, committed 12672K, reserved 1060864K
  class space    used 1302K, capacity 1398K, committed 1408K, reserved 1048576K
}
Event: 11.867 GC heap before
{Heap before GC invocations=2 (full 0):
 garbage-first heap   total 129024K, used 60743K [0x0000000082600000, 0x0000000100000000)
  region size 1024K, 37 young (37888K), 2 survivors (2048K)
 Metaspace       used 12501K, capacity 12734K, committed 12928K, reserved 1060864K
  class space    used 1302K, capacity 1398K, committed 1408K, reserved 1048576K
}
Event: 11.876 GC heap after
{Heap after GC invocations=3 (full 0):
 garbage-first heap   total 129024K, used 42121K [0x0000000082600000, 0x0000000100000000)
  region size 1024K, 5 young (5120K), 5 survivors (5120K)
 Metaspace       used 12501K, capacity 12734K, committed 12928K, reserved 1060864K
  class space    used 1302K, capacity 1398K, committed 1408K, reserved 1048576K
}
Event: 13.537 GC heap before
{Heap before GC invocations=3 (full 0):
 garbage-first heap   total 129024K, used 71817K [0x0000000082600000, 0x0000000100000000)
  region size 1024K, 34 young (34816K), 5 survivors (5120K)
 Metaspace       used 12564K, capacity 12804K, committed 12928K, reserved 1060864K
  class space    used 1302K, capacity 1398K, committed 1408K, reserved 1048576K
}
Event: 13.576 GC heap after
{Heap after GC invocations=4 (full 0):
 garbage-first heap   total 129024K, used 55843K [0x0000000082600000, 0x0000000100000000)
  region size 1024K, 5 young (5120K), 5 survivors (5120K)
 Metaspace       used 12564K, capacity 12804K, committed 12928K, reserved 1060864K
  class space    used 1302K, capacity 1398K, committed 1408K, reserved 1048576K
}
Event: 16.229 GC heap before
{Heap before GC invocations=4 (full 0):
 garbage-first heap   total 129024K, used 81443K [0x0000000082600000, 0x0000000100000000)
  region size 1024K, 31 young (31744K), 5 survivors (5120K)
 Metaspace       used 12665K, capacity 12868K, committed 12928K, reserved 1060864K
  class space    used 1304K, capacity 1398K, committed 1408K, reserved 1048576K
}
Event: 16.236 GC heap after
{Heap after GC invocations=5 (full 0):
 garbage-first heap   total 129024K, used 68745K [0x0000000082600000, 0x0000000100000000)
  region size 1024K, 4 young (4096K), 4 survivors (4096K)
 Metaspace       used 12665K, capacity 12868K, committed 12928K, reserved 1060864K
  class space    used 1304K, capacity 1398K, committed 1408K, reserved 1048576K
}
Event: 19.068 GC heap before
{Heap before GC invocations=5 (full 0):
 garbage-first heap   total 129024K, used 90249K [0x0000000082600000, 0x0000000100000000)
  region size 1024K, 26 young (26624K), 4 survivors (4096K)
 Metaspace       used 12672K, capacity 12868K, committed 12928K, reserved 1060864K
  class space    used 1304K, capacity 1398K, committed 1408K, reserved 1048576K
}
Event: 19.072 GC heap after
{Heap after GC invocations=6 (full 0):
 garbage-first heap   total 129024K, used 79359K [0x0000000082600000, 0x0000000100000000)
  region size 1024K, 4 young (4096K), 4 survivors (4096K)
 Metaspace       used 12672K, capacity 12868K, committed 12928K, reserved 1060864K
  class space    used 1304K, capacity 1398K, committed 1408K, reserved 1048576K
}
Event: 21.445 GC heap before
{Heap before GC invocations=7 (full 0):
 garbage-first heap   total 135168K, used 96767K [0x0000000082600000, 0x0000000100000000)
  region size 1024K, 21 young (21504K), 4 survivors (4096K)
 Metaspace       used 12722K, capacity 12932K, committed 13184K, reserved 1060864K
  class space    used 1304K, capacity 1398K, committed 1408K, reserved 1048576K
}
Event: 21.467 GC heap after
{Heap after GC invocations=8 (full 0):
 garbage-first heap   total 135168K, used 87619K [0x0000000082600000, 0x0000000100000000)
  region size 1024K, 3 young (3072K), 3 survivors (3072K)
 Metaspace       used 12722K, capacity 12932K, committed 13184K, reserved 1060864K
  class space    used 1304K, capacity 1398K, committed 1408K, reserved 1048576K
}

